<component name="libraryTable">
  <library name="junit-3.8.1">
    <CLASSES>
      <root url="jar://D:/System/Libs/Java/slf4j/junit-3.8.1.jar!/" />
    </CLASSES>
    <JAVADOC />
    <SOURCES />
  </library>
</component>